[debug] [2023-05-01T09:18:14.722Z] ----------------------------------------------------------------------
[debug] [2023-05-01T09:18:14.724Z] Command:       C:\Program Files\nodejs\node.exe C:\Users\NewStar\AppData\Roaming\npm\node_modules\firebase-tools\lib\bin\firebase.js init
[debug] [2023-05-01T09:18:14.725Z] CLI Version:   11.29.1
[debug] [2023-05-01T09:18:14.725Z] Platform:      win32
[debug] [2023-05-01T09:18:14.725Z] Node Version:  v16.10.0
[debug] [2023-05-01T09:18:14.726Z] Time:          Mon May 01 2023 02:18:14 GMT-0700 (Pacific Daylight Time)
[debug] [2023-05-01T09:18:14.726Z] ----------------------------------------------------------------------
[debug] 
[debug] [2023-05-01T09:18:14.733Z] > command requires scopes: ["email","openid","https://www.googleapis.com/auth/cloudplatformprojects.readonly","https://www.googleapis.com/auth/firebase","https://www.googleapis.com/auth/cloud-platform"]
[debug] [2023-05-01T09:18:14.733Z] > authorizing via signed-in user (bg.newstar121@gmail.com)
[info] 
     ######## #### ########  ######## ########     ###     ######  ########
     ##        ##  ##     ## ##       ##     ##  ##   ##  ##       ##
     ######    ##  ########  ######   ########  #########  ######  ######
     ##        ##  ##    ##  ##       ##     ## ##     ##       ## ##
     ##       #### ##     ## ######## ########  ##     ##  ######  ########

You're about to initialize a Firebase project in this directory:

  D:\Work\React\LandingDesign

[info] 
=== Project Setup
[info] 
[info] First, let's associate this project directory with a Firebase project.
[info] You can create multiple project aliases by running firebase use --add, 
[info] but for now we'll just set up a default project.
[info] 
[debug] [2023-05-01T09:18:33.677Z] > refreshing access token with scopes: []
[debug] [2023-05-01T09:18:33.679Z] >>> [apiv2][query] POST https://www.googleapis.com/oauth2/v3/token [none]
[debug] [2023-05-01T09:18:33.679Z] >>> [apiv2][body] POST https://www.googleapis.com/oauth2/v3/token [omitted]
[debug] [2023-05-01T09:18:34.229Z] <<< [apiv2][status] POST https://www.googleapis.com/oauth2/v3/token 200
[debug] [2023-05-01T09:18:34.229Z] <<< [apiv2][body] POST https://www.googleapis.com/oauth2/v3/token [omitted]
[debug] [2023-05-01T09:18:34.315Z] >>> [apiv2][query] GET https://firebase.googleapis.com/v1beta1/projects pageSize=100
[debug] [2023-05-01T09:18:35.240Z] <<< [apiv2][status] GET https://firebase.googleapis.com/v1beta1/projects 200
[debug] [2023-05-01T09:18:35.240Z] <<< [apiv2][body] GET https://firebase.googleapis.com/v1beta1/projects [omitted]
[debug] [2023-05-01T09:19:30.937Z] ----------------------------------------------------------------------
[debug] [2023-05-01T09:19:30.939Z] Command:       C:\Program Files\nodejs\node.exe C:\Users\NewStar\AppData\Roaming\npm\node_modules\firebase-tools\lib\bin\firebase.js init
[debug] [2023-05-01T09:19:30.940Z] CLI Version:   11.29.1
[debug] [2023-05-01T09:19:30.940Z] Platform:      win32
[debug] [2023-05-01T09:19:30.940Z] Node Version:  v16.10.0
[debug] [2023-05-01T09:19:30.941Z] Time:          Mon May 01 2023 02:19:30 GMT-0700 (Pacific Daylight Time)
[debug] [2023-05-01T09:19:30.941Z] ----------------------------------------------------------------------
[debug] 
[debug] [2023-05-01T09:19:30.948Z] > command requires scopes: ["email","openid","https://www.googleapis.com/auth/cloudplatformprojects.readonly","https://www.googleapis.com/auth/firebase","https://www.googleapis.com/auth/cloud-platform"]
[debug] [2023-05-01T09:19:30.948Z] > authorizing via signed-in user (bg.newstar121@gmail.com)
[info] 
     ######## #### ########  ######## ########     ###     ######  ########
     ##        ##  ##     ## ##       ##     ##  ##   ##  ##       ##
     ######    ##  ########  ######   ########  #########  ######  ######
     ##        ##  ##    ##  ##       ##     ## ##     ##       ## ##
     ##       #### ##     ## ######## ########  ##     ##  ######  ########

You're about to initialize a Firebase project in this directory:

  D:\Work\React\LandingDesign

[info] 
=== Project Setup
[info] 
[info] First, let's associate this project directory with a Firebase project.
[info] You can create multiple project aliases by running firebase use --add, 
[info] but for now we'll just set up a default project.
[info] 
[debug] [2023-05-01T09:19:59.167Z] >>> [apiv2][query] GET https://firebase.googleapis.com/v1beta1/projects pageSize=100
[debug] [2023-05-01T09:20:00.474Z] <<< [apiv2][status] GET https://firebase.googleapis.com/v1beta1/projects 200
[debug] [2023-05-01T09:20:00.474Z] <<< [apiv2][body] GET https://firebase.googleapis.com/v1beta1/projects [omitted]
[info] i  Using project landingpage-9d4da (LandingPage) 
[info] 
=== Hosting Setup
[info] 
[info] Your public directory is the folder (relative to your project directory) that
[info] will contain Hosting assets to be uploaded with firebase deploy. If you
[info] have a build process for your assets, use your build's output directory.
[info] 
[debug] [2023-05-01T09:22:10.906Z] >>> [apiv2][query] GET https://www.gstatic.com/firebasejs/releases.json [none]
[debug] [2023-05-01T09:22:11.376Z] <<< [apiv2][status] GET https://www.gstatic.com/firebasejs/releases.json 200
[debug] [2023-05-01T09:22:11.377Z] <<< [apiv2][body] GET https://www.gstatic.com/firebasejs/releases.json {"current":{"version":"9.21.0","browserURL":"https://www.gstatic.com/firebasejs/9.21.0/firebase.js","packageURL":"https://www.gstatic.com/firebasejs/9.21.0/firebase.tgz"},"live":{"version":"9.21","browserURL":"https://www.gstatic.com/firebasejs/live/9.21/firebase.js","packageURL":"https://www.gstatic.com/firebasejs/live/9.21/firebase.tgz"},"components":{"analytics":"https://www.gstatic.com/firebasejs/9.21.0/firebase-analytics.js","app":"https://www.gstatic.com/firebasejs/9.21.0/firebase-app.js","app-check":"https://www.gstatic.com/firebasejs/9.21.0/firebase-app-check.js","auth":"https://www.gstatic.com/firebasejs/9.21.0/firebase-auth.js","auth/cordova":"https://www.gstatic.com/firebasejs/9.21.0/firebase-auth/cordova.js","auth/react-native":"https://www.gstatic.com/firebasejs/9.21.0/firebase-auth/react-native.js","functions":"https://www.gstatic.com/firebasejs/9.21.0/firebase-functions.js","firestore":"https://www.gstatic.com/firebasejs/9.21.0/firebase-firestore.js","firestore/lite":"https://www.gstatic.com/firebasejs/9.21.0/firebase-firestore/lite.js","installations":"https://www.gstatic.com/firebasejs/9.21.0/firebase-installations.js","storage":"https://www.gstatic.com/firebasejs/9.21.0/firebase-storage.js","performance":"https://www.gstatic.com/firebasejs/9.21.0/firebase-performance.js","remote-config":"https://www.gstatic.com/firebasejs/9.21.0/firebase-remote-config.js","messaging":"https://www.gstatic.com/firebasejs/9.21.0/firebase-messaging.js","messaging/sw":"https://www.gstatic.com/firebasejs/9.21.0/firebase-messaging/sw.js","database":"https://www.gstatic.com/firebasejs/9.21.0/firebase-database.js","firestore.memory":"https://www.gstatic.com/firebasejs/9.21.0/firebase-firestore.memory.js"}}
[info] i  Skipping write of build/index.html 
[info] 
[info] i  Detected a .git folder at D:\Work\React\LandingDesign 
[info] i  Authorizing with GitHub to upload your service account to a GitHub repository's secrets store. 
[info] 
[info] Visit this URL on this device to log in:
[info] https://github.com/login/oauth/authorize?client_id=89cf50f02ac6aaed3484&state=1014030439&redirect_uri=http%3A%2F%2Flocalhost%3A9005&scope=read%3Auser%20repo%20public_repo
[info] 
[info] Waiting for authentication...
[debug] [2023-05-01T09:23:31.373Z] >>> [apiv2][query] POST https://github.com/login/oauth/access_token [none]
[debug] [2023-05-01T09:23:31.373Z] >>> [apiv2][body] POST https://github.com/login/oauth/access_token [stream]
[debug] [2023-05-01T09:23:32.132Z] <<< [apiv2][status] POST https://github.com/login/oauth/access_token 200
[debug] [2023-05-01T09:23:32.132Z] <<< [apiv2][body] POST https://github.com/login/oauth/access_token {"access_token":"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","token_type":"bearer","scope":"read:user,repo"}
[debug] [2023-05-01T09:23:32.139Z] >>> [apiv2][query] GET https://api.github.com/user [none]
[debug] [2023-05-01T09:23:32.998Z] <<< [apiv2][status] GET https://api.github.com/user 200
[debug] [2023-05-01T09:23:32.998Z] <<< [apiv2][body] GET https://api.github.com/user {"login":"newstar121","id":131432648,"node_id":"U_kgDOB9WAyA","avatar_url":"https://avatars.githubusercontent.com/u/131432648?v=4","gravatar_id":"","url":"https://api.github.com/users/newstar121","html_url":"https://github.com/newstar121","followers_url":"https://api.github.com/users/newstar121/followers","following_url":"https://api.github.com/users/newstar121/following{/other_user}","gists_url":"https://api.github.com/users/newstar121/gists{/gist_id}","starred_url":"https://api.github.com/users/newstar121/starred{/owner}{/repo}","subscriptions_url":"https://api.github.com/users/newstar121/subscriptions","organizations_url":"https://api.github.com/users/newstar121/orgs","repos_url":"https://api.github.com/users/newstar121/repos","events_url":"https://api.github.com/users/newstar121/events{/privacy}","received_events_url":"https://api.github.com/users/newstar121/received_events","type":"User","site_admin":false,"name":"Bill Gerrad","company":null,"blog":"","location":null,"email":null,"hireable":null,"bio":null,"twitter_username":null,"public_repos":1,"public_gists":0,"followers":0,"following":0,"created_at":"2023-04-21T06:14:27Z","updated_at":"2023-04-22T14:58:12Z","private_gists":0,"total_private_repos":1,"owned_private_repos":1,"disk_usage":62573,"collaborators":0,"two_factor_authentication":false,"plan":{"name":"free","space":976562499,"collaborators":0,"private_repos":10000}}
[info] 
[info] +  Success! Logged into GitHub as newstar121 
[info] 
